#
# A fatal error has been detected by the Java Runtime Environment:
#
#  Internal Error (javaClasses.cpp:129), pid=1528, tid=5256
#  fatal error: Invalid layout of preloaded class
#
# JRE version: 7.0_17-b02
# Java VM: Java HotSpot(TM) Client VM (23.7-b01 mixed mode windows-x86 )
# Failed to write core dump. Minidumps are not enabled by default on client versions of Windows
#
# If you would like to submit a bug report, please visit:
#   http://bugreport.sun.com/bugreport/crash.jsp
#

---------------  T H R E A D  ---------------

Current thread (0x017fe400):  JavaThread "Unknown thread" [_thread_in_vm, id=5256, stack(0x011e0000,0x01230000)]

Stack: [0x011e0000,0x01230000],  sp=0x0122f8a8,  free space=318k
Native frames: (J=compiled Java code, j=interpreted, Vv=VM code, C=native code)
V  [jvm.dll+0x16f261]
V  [jvm.dll+0x1693d6]
V  [jvm.dll+0x2079f]
V  [jvm.dll+0x20826]
V  [jvm.dll+0x2e5bd]
V  [jvm.dll+0x2e869]
V  [jvm.dll+0x77ba1]
V  [jvm.dll+0x77f5b]
V  [jvm.dll+0x1290e1]
V  [jvm.dll+0x149b3a]
V  [jvm.dll+0xa98df]
C  [javaw.exe+0x13ca]
C  [javaw.exe+0x1e3c]
C  [javaw.exe+0xa5a1]
C  [javaw.exe+0xa62b]
C  [kernel32.dll+0x4ed5c]  BaseThreadInitThunk+0x12
C  [ntdll.dll+0x637eb]  RtlInitializeExceptionChain+0xef
C  [ntdll.dll+0x637be]  RtlInitializeExceptionChain+0xc2


---------------  P R O C E S S  ---------------

Java Threads: ( => current thread )

Other Threads:

=>0x017fe400 (exited) JavaThread "Unknown thread" [_thread_in_vm, id=5256, stack(0x011e0000,0x01230000)]

VM state:not at safepoint (not fully initialized)

VM Mutex/Monitor currently owned by a thread: None

GC Heap History (0 events):
No events

Deoptimization events (0 events):
No events

Internal exceptions (0 events):
No events

Events (10 events):
Event: 0.007 loading class 0x01696900 done
Event: 0.007 loading class 0x01694940 done
Event: 0.007 loading class 0x01694918
Event: 0.008 loading class 0x0170fa50
Event: 0.008 loading class 0x0170fa50 done
Event: 0.008 loading class 0x0170fa88
Event: 0.008 loading class 0x0170fa88 done
Event: 0.008 loading class 0x017041e0
Event: 0.008 loading class 0x017041e0 done
Event: 0.008 loading class 0x01694918 done


Dynamic libraries:
0x010b0000 - 0x010df000 	C:\Program Files\Java\jre7\bin\javaw.exe
0x77c40000 - 0x77d7c000 	C:\Windows\SYSTEM32\ntdll.dll
0x763d0000 - 0x764a4000 	C:\Windows\system32\kernel32.dll
0x75d00000 - 0x75d4b000 	C:\Windows\system32\KERNELBASE.dll
0x77b40000 - 0x77be0000 	C:\Windows\system32\ADVAPI32.dll
0x77dc0000 - 0x77e6c000 	C:\Windows\system32\msvcrt.dll
0x76d30000 - 0x76d49000 	C:\Windows\SYSTEM32\sechost.dll
0x76680000 - 0x76722000 	C:\Windows\system32\RPCRT4.dll
0x76d50000 - 0x76e19000 	C:\Windows\system32\USER32.dll
0x77a70000 - 0x77abe000 	C:\Windows\system32\GDI32.dll
0x77d80000 - 0x77d8a000 	C:\Windows\system32\LPK.dll
0x76040000 - 0x760dd000 	C:\Windows\system32\USP10.dll
0x746d0000 - 0x7486e000 	C:\Windows\WinSxS\x86_microsoft.windows.common-controls_6595b64144ccf1df_6.0.7601.17514_none_41e6975e2bd6f2b2\COMCTL32.dll
0x77be0000 - 0x77c37000 	C:\Windows\system32\SHLWAPI.dll
0x77da0000 - 0x77dbf000 	C:\Windows\system32\IMM32.DLL
0x76810000 - 0x768dc000 	C:\Windows\system32\MSCTF.dll
0x6a5e0000 - 0x6a69e000 	C:\Program Files\Java\jre7\bin\msvcr100.dll
0x56cf0000 - 0x5703c000 	C:\Program Files\Java\jre7\bin\client\jvm.dll
0x72ae0000 - 0x72ae7000 	C:\Windows\system32\WSOCK32.dll
0x767d0000 - 0x76805000 	C:\Windows\system32\WS2_32.dll
0x77d90000 - 0x77d96000 	C:\Windows\system32\NSI.dll
0x73fa0000 - 0x73fd2000 	C:\Windows\system32\WINMM.dll
0x767c0000 - 0x767c5000 	C:\Windows\system32\PSAPI.DLL
0x73020000 - 0x7302c000 	C:\Program Files\Java\jre7\bin\verify.dll
0x69bf0000 - 0x69c10000 	C:\Program Files\Java\jre7\bin\java.dll
0x65d80000 - 0x65d93000 	C:\Program Files\Java\jre7\bin\zip.dll
0x6cdc0000 - 0x6ceab000 	C:\Windows\system32\dbghelp.dll

VM Arguments:
jvm_args: -Dfile.encoding=Cp1252 -Xbootclasspath:C:\Users\User\Desktop\eclipseAndroid\sdk\platforms\android-19\android.jar 
java_command: com.betteridea.connection.Database
Launcher Type: SUN_STANDARD

Environment Variables:
JAVA_HOME=C:\Program Files\Java\jdk1.7.0_07
CLASSPATH=.;C:\Program Files\QuickTime\QTSystem\QTJava.zip
PATH=C:/Program Files/Java/jre7/bin/client;C:/Program Files/Java/jre7/bin;C:/Program Files/Java/jre7/lib/i386;C:\Program Files\NVIDIA Corporation\PhysX\Common;C:\Program Files\AMD APP\bin\x86;C:\Program Files\Common Files\Microsoft Shared\Windows Live;C:\Windows\system32;C:\Windows;C:\Windows\System32\Wbem;C:\Windows\System32\WindowsPowerShell\v1.0\;C:\Program Files\ATI Technologies\ATI.ACE\Core-Static;C:\Program Files\QuickTime\QTSystem\;C:\Users\User\AppData\Local\Smartbar\Application\;C:\Program Files\Windows Live\Shared;C:\Users\User\Desktop\eclipseAndroid\eclipse;
USERNAME=User
OS=Windows_NT
PROCESSOR_IDENTIFIER=x86 Family 16 Model 4 Stepping 3, AuthenticAMD



---------------  S Y S T E M  ---------------

OS: Windows 7 Build 7601 Service Pack 1

CPU:total 4 (4 cores per cpu, 1 threads per core) family 16 model 4 stepping 3, cmov, cx8, fxsr, mmx, sse, sse2, sse3, popcnt, mmxext, 3dnowpref, lzcnt, sse4a, tsc, tscinvbit, tscinv

Memory: 4k page, physical 3407024k(1576396k free), swap 6812296k(4540700k free)

vm_info: Java HotSpot(TM) Client VM (23.7-b01) for windows-x86 JRE (1.7.0_17-b02), built on Mar  1 2013 05:04:36 by "java_re" with unknown MS VC++:1600

time: Fri Mar 14 18:25:14 2014
elapsed time: 0 seconds

