#
# A fatal error has been detected by the Java Runtime Environment:
#
#  Internal Error (javaClasses.cpp:129), pid=1372, tid=3796
#  fatal error: Invalid layout of preloaded class
#
# JRE version: 7.0_17-b02
# Java VM: Java HotSpot(TM) Client VM (23.7-b01 mixed mode windows-x86 )
# Failed to write core dump. Minidumps are not enabled by default on client versions of Windows
#
# If you would like to submit a bug report, please visit:
#   http://bugreport.sun.com/bugreport/crash.jsp
#

---------------  T H R E A D  ---------------

Current thread (0x0063cc00):  JavaThread "Unknown thread" [_thread_in_vm, id=3796, stack(0x00130000,0x00180000)]

Stack: [0x00130000,0x00180000],  sp=0x0017f464,  free space=317k
Native frames: (J=compiled Java code, j=interpreted, Vv=VM code, C=native code)
V  [jvm.dll+0x16f261]
V  [jvm.dll+0x1693d6]
V  [jvm.dll+0x2079f]
V  [jvm.dll+0x20826]
V  [jvm.dll+0x2e5bd]
V  [jvm.dll+0x2e869]
V  [jvm.dll+0x77ba1]
V  [jvm.dll+0x77f5b]
V  [jvm.dll+0x1290e1]
V  [jvm.dll+0x149b3a]
V  [jvm.dll+0xa98df]
C  [javaw.exe+0x13ca]
C  [javaw.exe+0x1e3c]
C  [javaw.exe+0xa5a1]
C  [javaw.exe+0xa62b]
C  [kernel32.dll+0x4ed5c]  BaseThreadInitThunk+0x12
C  [ntdll.dll+0x637eb]  RtlInitializeExceptionChain+0xef
C  [ntdll.dll+0x637be]  RtlInitializeExceptionChain+0xc2


---------------  P R O C E S S  ---------------

Java Threads: ( => current thread )

Other Threads:

=>0x0063cc00 (exited) JavaThread "Unknown thread" [_thread_in_vm, id=3796, stack(0x00130000,0x00180000)]

VM state:not at safepoint (not fully initialized)

VM Mutex/Monitor currently owned by a thread: None

GC Heap History (0 events):
No events

Deoptimization events (0 events):
No events

Internal exceptions (0 events):
No events

Events (10 events):
Event: 0.007 loading class 0x00c252a0 done
Event: 0.007 loading class 0x00c233a0 done
Event: 0.007 loading class 0x00c23378
Event: 0.008 loading class 0x00c9e3e8
Event: 0.008 loading class 0x00c9e3e8 done
Event: 0.008 loading class 0x00c9e420
Event: 0.014 loading class 0x00c9e420 done
Event: 0.014 loading class 0x00c92b78
Event: 0.014 loading class 0x00c92b78 done
Event: 0.014 loading class 0x00c23378 done


Dynamic libraries:
0x01180000 - 0x011af000 	C:\Program Files\Java\jre7\bin\javaw.exe
0x77760000 - 0x7789c000 	C:\Windows\SYSTEM32\ntdll.dll
0x76d20000 - 0x76df4000 	C:\Windows\system32\kernel32.dll
0x759f0000 - 0x75a3b000 	C:\Windows\system32\KERNELBASE.dll
0x76950000 - 0x769f0000 	C:\Windows\system32\ADVAPI32.dll
0x76f60000 - 0x7700c000 	C:\Windows\system32\msvcrt.dll
0x778d0000 - 0x778e9000 	C:\Windows\SYSTEM32\sechost.dll
0x76a40000 - 0x76ae2000 	C:\Windows\system32\RPCRT4.dll
0x77310000 - 0x773d9000 	C:\Windows\system32\USER32.dll
0x77510000 - 0x7755e000 	C:\Windows\system32\GDI32.dll
0x75cc0000 - 0x75cca000 	C:\Windows\system32\LPK.dll
0x778f0000 - 0x7798d000 	C:\Windows\system32\USP10.dll
0x74280000 - 0x7441e000 	C:\Windows\WinSxS\x86_microsoft.windows.common-controls_6595b64144ccf1df_6.0.7601.17514_none_41e6975e2bd6f2b2\COMCTL32.dll
0x77700000 - 0x77757000 	C:\Windows\system32\SHLWAPI.dll
0x75cd0000 - 0x75cef000 	C:\Windows\system32\IMM32.DLL
0x77440000 - 0x7750c000 	C:\Windows\system32\MSCTF.dll
0x618a0000 - 0x6195e000 	C:\Program Files\Java\jre7\bin\msvcr100.dll
0x6d850000 - 0x6db9c000 	C:\Program Files\Java\jre7\bin\client\jvm.dll
0x712a0000 - 0x712a7000 	C:\Windows\system32\WSOCK32.dll
0x76e80000 - 0x76eb5000 	C:\Windows\system32\WS2_32.dll
0x76940000 - 0x76946000 	C:\Windows\system32\NSI.dll
0x73c90000 - 0x73cc2000 	C:\Windows\system32\WINMM.dll
0x76f50000 - 0x76f55000 	C:\Windows\system32\PSAPI.DLL
0x709c0000 - 0x709cc000 	C:\Program Files\Java\jre7\bin\verify.dll
0x6f680000 - 0x6f6a0000 	C:\Program Files\Java\jre7\bin\java.dll
0x6f8c0000 - 0x6f8d3000 	C:\Program Files\Java\jre7\bin\zip.dll
0x6bb20000 - 0x6bc0b000 	C:\Windows\system32\dbghelp.dll

VM Arguments:
jvm_args: -Dfile.encoding=Cp1252 -Xbootclasspath:C:\Users\User\Desktop\eclipseAndroid\sdk\platforms\android-19\android.jar 
java_command: com.betteridea.connection.Database
Launcher Type: SUN_STANDARD

Environment Variables:
JAVA_HOME=C:\Program Files\Java\jdk1.7.0_07
CLASSPATH=.;C:\Program Files\QuickTime\QTSystem\QTJava.zip
PATH=C:/Program Files/Java/jre7/bin/client;C:/Program Files/Java/jre7/bin;C:/Program Files/Java/jre7/lib/i386;C:\Program Files\NVIDIA Corporation\PhysX\Common;C:\Program Files\AMD APP\bin\x86;C:\Program Files\Common Files\Microsoft Shared\Windows Live;C:\Windows\system32;C:\Windows;C:\Windows\System32\Wbem;C:\Windows\System32\WindowsPowerShell\v1.0\;C:\Program Files\ATI Technologies\ATI.ACE\Core-Static;C:\Program Files\QuickTime\QTSystem\;C:\Users\User\AppData\Local\Smartbar\Application\;C:\Program Files\Windows Live\Shared;C:\Users\User\Desktop\eclipseAndroid\eclipse;
USERNAME=User
OS=Windows_NT
PROCESSOR_IDENTIFIER=x86 Family 16 Model 4 Stepping 3, AuthenticAMD



---------------  S Y S T E M  ---------------

OS: Windows 7 Build 7601 Service Pack 1

CPU:total 4 (4 cores per cpu, 1 threads per core) family 16 model 4 stepping 3, cmov, cx8, fxsr, mmx, sse, sse2, sse3, popcnt, mmxext, 3dnowpref, lzcnt, sse4a, tsc, tscinvbit, tscinv

Memory: 4k page, physical 3407024k(1022428k free), swap 6812296k(3720716k free)

vm_info: Java HotSpot(TM) Client VM (23.7-b01) for windows-x86 JRE (1.7.0_17-b02), built on Mar  1 2013 05:04:36 by "java_re" with unknown MS VC++:1600

time: Sun Mar 09 17:04:53 2014
elapsed time: 0 seconds

